<?xml version="1.0" encoding="UTF-8"?>
<!-- Generated by org.testng.reporters.JUnitXMLReporter -->
<testsuite ignored="0" hostname="LAPTOP-AT2UBDPG" failures="1" tests="6" name="Test" time="46.255" errors="0" timestamp="2026-02-03T14:19:11 IST">
  <testcase classname="com.creatio.crm.application.tests.CookiePageTests" name="verifyCookieTextIsValid" time="3.083"/>
  <testcase classname="com.creatio.crm.application.tests.CookiePageTests" name="verifyCookiePageIsDisplayed" time="3.148"/>
  <testcase classname="com.creatio.crm.application.tests.CookiePageTests" name="verifyCookieSelectionButtonsDisplayed" time="3.374"/>
  <testcase classname="com.creatio.crm.application.tests.CookiePageTests" name="selectCookieButton" time="2.401"/>
  <testcase classname="com.creatio.crm.application.tests.CookiePageTests" name="verifySwitchButtonIsDisplayed" time="22.893">
    <failure type="org.openqa.selenium.TimeoutException" message="Expected condition failed: waiting for visibility of [[ChromeDriver: chrome on windows (2b68628496761ed1b70601385f09941b)] -&amp;gt; xpath: //input[@id=&amp;apos;CybotCookiebotDialogBodyLevelButtonNecessary&amp;apos;]] (tried for 20 second(s) with 500 milliseconds interval)
Build info: version: &amp;apos;4.37.0&amp;apos;, revision: &amp;apos;3c1da1e342&amp;apos;
System info: os.name: &amp;apos;Windows 11&amp;apos;, os.arch: &amp;apos;amd64&amp;apos;, os.version: &amp;apos;10.0&amp;apos;, java.version: &amp;apos;21.0.7&amp;apos;
Driver info: org.openqa.selenium.chrome.ChromeDriver
Capabilities {acceptInsecureCerts: false, browserName: chrome, browserVersion: 144.0.7559.110, chrome: {chromedriverVersion: 144.0.7559.109 (6a8d5e49388..., userDataDir: C:\Users\Mounika\AppData\Lo...}, fedcm:accounts: true, goog:chromeOptions: {debuggerAddress: localhost:7097}, goog:processID: 23444, networkConnectionEnabled: false, pageLoadStrategy: normal, platformName: windows, proxy: Proxy(), se:cdp: ws://localhost:7097/devtool..., se:cdpVersion: 144.0.7559.110, setWindowRect: true, strictFileInteractability: false, timeouts: {implicit: 0, pageLoad: 300000, script: 30000}, unhandledPromptBehavior: dismiss and notify, webauthn:extension:credBlob: true, webauthn:extension:largeBlob: true, webauthn:extension:minPinLength: true, webauthn:extension:prf: true, webauthn:virtualAuthenticators: true}
Session ID: 2b68628496761ed1b70601385f09941b">
      <![CDATA[org.openqa.selenium.TimeoutException: Expected condition failed: waiting for visibility of [[ChromeDriver: chrome on windows (2b68628496761ed1b70601385f09941b)] -> xpath: //input[@id='CybotCookiebotDialogBodyLevelButtonNecessary']] (tried for 20 second(s) with 500 milliseconds interval)
Build info: version: '4.37.0', revision: '3c1da1e342'
System info: os.name: 'Windows 11', os.arch: 'amd64', os.version: '10.0', java.version: '21.0.7'
Driver info: org.openqa.selenium.chrome.ChromeDriver
Capabilities {acceptInsecureCerts: false, browserName: chrome, browserVersion: 144.0.7559.110, chrome: {chromedriverVersion: 144.0.7559.109 (6a8d5e49388..., userDataDir: C:\Users\Mounika\AppData\Lo...}, fedcm:accounts: true, goog:chromeOptions: {debuggerAddress: localhost:7097}, goog:processID: 23444, networkConnectionEnabled: false, pageLoadStrategy: normal, platformName: windows, proxy: Proxy(), se:cdp: ws://localhost:7097/devtool..., se:cdpVersion: 144.0.7559.110, setWindowRect: true, strictFileInteractability: false, timeouts: {implicit: 0, pageLoad: 300000, script: 30000}, unhandledPromptBehavior: dismiss and notify, webauthn:extension:credBlob: true, webauthn:extension:largeBlob: true, webauthn:extension:minPinLength: true, webauthn:extension:prf: true, webauthn:virtualAuthenticators: true}
Session ID: 2b68628496761ed1b70601385f09941b
at org.openqa.selenium.support.ui.WebDriverWait.timeoutException(WebDriverWait.java:84)
at org.openqa.selenium.support.ui.FluentWait.until(FluentWait.java:228)
at com.creatio.crm.framework.webcommons.WebCommons.waitForElement(WebCommons.java:123)
at com.creatio.crm.application.steps.CookiePageSteps.verifySwitchButtonIsDisplayed(CookiePageSteps.java:51)
at com.creatio.crm.application.tests.CookiePageTests.verifySwitchButtonIsDisplayed(CookiePageTests.java:44)
at java.base/java.util.ArrayList.forEach(ArrayList.java:1596)
... Removed 25 stack frames]]>
    </failure>
  </testcase> <!-- verifySwitchButtonIsDisplayed -->
  <testcase classname="com.creatio.crm.application.tests.CookiePageTests" name="verifyCreatioLogoAndCookieBotLinkDisplayed" time="2.995"/>
</testsuite> <!-- Test -->
